<?xml version="1.0" encoding="UTF-8"?>
<!-- Generated by org.testng.reporters.JUnitReportReporter -->
<testsuite hostname="DESKTOP-DI0P6JK" failures="0" tests="1" name="com.cogmento.testcases.CogmentoHappyPathTests" time="69.559" errors="0" timestamp="16 Feb 2021 00:52:49 GMT" skipped="0">
  <testcase classname="com.cogmento.testcases.CogmentoHappyPathTests" name="addCompanyTest" time="69.559"/>
</testsuite> <!-- com.cogmento.testcases.CogmentoHappyPathTests -->
