<?xml version="1.0" encoding="UTF-8"?>
<!-- Generated by org.testng.reporters.JUnitReportReporter -->
<testsuite skipped="0" hostname="MyPC" name="com.cogmento.testcases.CogmentoHappyPathTests" tests="1" failures="0" timestamp="01 Oct 2020 04:34:27 GMT" time="136.768" errors="0">
  <testcase name="addCompanyTest" time="136.768" classname="com.cogmento.testcases.CogmentoHappyPathTests"/>
</testsuite> <!-- com.cogmento.testcases.CogmentoHappyPathTests -->
